This file contains any messages produced by compilers while
running configure, to aid debugging if configure makes a mistake.

It was created by RECURRENT NEURAL NETWORK LIBRARY configure 1.0, which was
generated by GNU Autoconf 2.61.  Invocation command line was

  $ ./configure 

## --------- ##
## Platform. ##
## --------- ##

hostname = Peytons-MBP.wv.cc.cmu.edu
uname -m = x86_64
uname -r = 14.3.0
uname -s = Darwin
uname -v = Darwin Kernel Version 14.3.0: Mon Mar 23 11:59:05 PDT 2015; root:xnu-2782.20.48~5/RELEASE_X86_64

/usr/bin/uname -p = i386
/bin/uname -X     = unknown

/bin/arch              = unknown
/usr/bin/arch -k       = unknown
/usr/convex/getsysinfo = unknown
/usr/bin/hostinfo      = Mach kernel version:
	 Darwin Kernel Version 14.3.0: Mon Mar 23 11:59:05 PDT 2015; root:xnu-2782.20.48~5/RELEASE_X86_64
Kernel configured for up to 8 processors.
4 processors are physically available.
8 processors are logically available.
Processor type: x86_64h (Intel x86-64h Haswell)
Processors active: 0 1 2 3 4 5 6 7
Primary memory available: 16.00 gigabytes
Default processor set: 264 tasks, 1258 threads, 8 processors
Load average: 1.08, Mach factor: 6.92
/bin/machine           = unknown
/usr/bin/oslevel       = unknown
/bin/universe          = unknown

PATH: /usr/local/bin
PATH: /usr/local/bin
PATH: /usr/bin
PATH: /bin
PATH: /usr/sbin
PATH: /sbin
PATH: /usr/texbin


## ----------- ##
## Core tests. ##
## ----------- ##

configure:1783: checking for a BSD-compatible install
configure:1839: result: /usr/bin/install -c
configure:1850: checking whether build environment is sane
configure:1893: result: yes
configure:1921: checking for a thread-safe mkdir -p
configure:1960: result: build-aux/install-sh -c -d
configure:1973: checking for gawk
configure:2003: result: no
configure:1973: checking for mawk
configure:2003: result: no
configure:1973: checking for nawk
configure:2003: result: no
configure:1973: checking for awk
configure:1989: found /usr/bin/awk
configure:2000: result: awk
configure:2011: checking whether make sets $(MAKE)
configure:2032: result: yes
configure:2280: checking for g++
configure:2296: found /usr/bin/g++
configure:2307: result: g++
configure:2338: checking for C++ compiler version
configure:2345: g++ --version >&5
Configured with: --prefix=/Applications/Xcode.app/Contents/Developer/usr --with-gxx-include-dir=/Applications/Xcode.app/Contents/Developer/Platforms/MacOSX.platform/Developer/SDKs/MacOSX10.10.sdk/usr/include/c++/4.2.1
Apple LLVM version 6.1.0 (clang-602.0.49) (based on LLVM 3.6.0svn)
Target: x86_64-apple-darwin14.3.0
Thread model: posix
configure:2348: $? = 0
configure:2355: g++ -v >&5
Configured with: --prefix=/Applications/Xcode.app/Contents/Developer/usr --with-gxx-include-dir=/Applications/Xcode.app/Contents/Developer/Platforms/MacOSX.platform/Developer/SDKs/MacOSX10.10.sdk/usr/include/c++/4.2.1
Apple LLVM version 6.1.0 (clang-602.0.49) (based on LLVM 3.6.0svn)
Target: x86_64-apple-darwin14.3.0
Thread model: posix
configure:2358: $? = 0
configure:2365: g++ -V >&5
clang: error: argument to '-V' is missing (expected 1 value)
clang: error: no input files
configure:2368: $? = 1
configure:2391: checking for C++ compiler default output file name
configure:2418: g++    conftest.cpp  >&5
configure:2421: $? = 0
configure:2459: result: a.out
configure:2476: checking whether the C++ compiler works
configure:2486: ./a.out
configure:2489: $? = 0
configure:2506: result: yes
configure:2513: checking whether we are cross compiling
configure:2515: result: no
configure:2518: checking for suffix of executables
configure:2525: g++ -o conftest    conftest.cpp  >&5
configure:2528: $? = 0
configure:2552: result: 
configure:2558: checking for suffix of object files
configure:2584: g++ -c   conftest.cpp >&5
configure:2587: $? = 0
configure:2610: result: o
configure:2614: checking whether we are using the GNU C++ compiler
configure:2643: g++ -c   conftest.cpp >&5
configure:2649: $? = 0
configure:2666: result: yes
configure:2671: checking whether g++ accepts -g
configure:2701: g++ -c -g  conftest.cpp >&5
configure:2707: $? = 0
configure:2806: result: yes
configure:2840: checking for style of include used by make
configure:2868: result: GNU
configure:2893: checking dependency style of g++
configure:2984: result: gcc3
configure:3047: checking for gcc
configure:3063: found /usr/bin/gcc
configure:3074: result: gcc
configure:3312: checking for C compiler version
configure:3319: gcc --version >&5
Configured with: --prefix=/Applications/Xcode.app/Contents/Developer/usr --with-gxx-include-dir=/Applications/Xcode.app/Contents/Developer/Platforms/MacOSX.platform/Developer/SDKs/MacOSX10.10.sdk/usr/include/c++/4.2.1
Apple LLVM version 6.1.0 (clang-602.0.49) (based on LLVM 3.6.0svn)
Target: x86_64-apple-darwin14.3.0
Thread model: posix
configure:3322: $? = 0
configure:3329: gcc -v >&5
Configured with: --prefix=/Applications/Xcode.app/Contents/Developer/usr --with-gxx-include-dir=/Applications/Xcode.app/Contents/Developer/Platforms/MacOSX.platform/Developer/SDKs/MacOSX10.10.sdk/usr/include/c++/4.2.1
Apple LLVM version 6.1.0 (clang-602.0.49) (based on LLVM 3.6.0svn)
Target: x86_64-apple-darwin14.3.0
Thread model: posix
configure:3332: $? = 0
configure:3339: gcc -V >&5
clang: error: argument to '-V' is missing (expected 1 value)
clang: error: no input files
configure:3342: $? = 1
configure:3345: checking whether we are using the GNU C compiler
configure:3374: gcc -c   conftest.c >&5
configure:3380: $? = 0
configure:3397: result: yes
configure:3402: checking whether gcc accepts -g
configure:3432: gcc -c -g  conftest.c >&5
configure:3438: $? = 0
configure:3537: result: yes
configure:3554: checking for gcc option to accept ISO C89
configure:3628: gcc  -c -g -O2  conftest.c >&5
configure:3634: $? = 0
configure:3657: result: none needed
configure:3677: checking dependency style of gcc
configure:3768: result: gcc3
configure:3796: checking for a BSD-compatible install
configure:3852: result: /usr/bin/install -c
configure:3873: checking for main in -lstdc++
configure:3902: g++ -o conftest -g -O2   conftest.cpp -lstdc++   >&5
configure:3908: $? = 0
configure:3926: result: yes
configure:3938: checking for exp in -lm
configure:3973: g++ -o conftest -g -O2   conftest.cpp -lm  -lstdc++  >&5
configure:3979: $? = 0
configure:3997: result: yes
configure:4009: checking for main in -lnetcdf
configure:4038: g++ -o conftest -g -O2   conftest.cpp -lnetcdf  -lm -lstdc++  >&5
ld: library not found for -lnetcdf
clang: error: linker command failed with exit code 1 (use -v to see invocation)
configure:4044: $? = 1
configure: failed program was:
| /* confdefs.h.  */
| #define PACKAGE_NAME "RECURRENT NEURAL NETWORK LIBRARY"
| #define PACKAGE_TARNAME "RNNLIB"
| #define PACKAGE_VERSION "1.0"
| #define PACKAGE_STRING "RECURRENT NEURAL NETWORK LIBRARY 1.0"
| #define PACKAGE_BUGREPORT "graves@in.tum.de"
| #define PACKAGE "RNNLIB"
| #define VERSION "1.0"
| #define HAVE_LIBSTDC__ 1
| #define HAVE_LIBM 1
| /* end confdefs.h.  */
| 
| 
| int
| main ()
| {
| return main ();
|   ;
|   return 0;
| }
configure:4062: result: no
configure:4080: checking for main in -lnetcdf_c++
configure:4109: g++ -o conftest -g -O2   conftest.cpp -lnetcdf_c++  -lm -lstdc++  >&5
ld: library not found for -lnetcdf_c++
clang: error: linker command failed with exit code 1 (use -v to see invocation)
configure:4115: $? = 1
configure: failed program was:
| /* confdefs.h.  */
| #define PACKAGE_NAME "RECURRENT NEURAL NETWORK LIBRARY"
| #define PACKAGE_TARNAME "RNNLIB"
| #define PACKAGE_VERSION "1.0"
| #define PACKAGE_STRING "RECURRENT NEURAL NETWORK LIBRARY 1.0"
| #define PACKAGE_BUGREPORT "graves@in.tum.de"
| #define PACKAGE "RNNLIB"
| #define VERSION "1.0"
| #define HAVE_LIBSTDC__ 1
| #define HAVE_LIBM 1
| /* end confdefs.h.  */
| 
| 
| int
| main ()
| {
| return main ();
|   ;
|   return 0;
| }
configure:4133: result: no
configure:4151: checking how to run the C++ preprocessor
configure:4187: g++ -E  conftest.cpp
configure:4193: $? = 0
configure:4224: g++ -E  conftest.cpp
conftest.cpp:12:10: fatal error: 'ac_nonexistent.h' file not found
#include <ac_nonexistent.h>
         ^
1 error generated.
configure:4230: $? = 1
configure: failed program was:
| /* confdefs.h.  */
| #define PACKAGE_NAME "RECURRENT NEURAL NETWORK LIBRARY"
| #define PACKAGE_TARNAME "RNNLIB"
| #define PACKAGE_VERSION "1.0"
| #define PACKAGE_STRING "RECURRENT NEURAL NETWORK LIBRARY 1.0"
| #define PACKAGE_BUGREPORT "graves@in.tum.de"
| #define PACKAGE "RNNLIB"
| #define VERSION "1.0"
| #define HAVE_LIBSTDC__ 1
| #define HAVE_LIBM 1
| /* end confdefs.h.  */
| #include <ac_nonexistent.h>
configure:4263: result: g++ -E
configure:4292: g++ -E  conftest.cpp
configure:4298: $? = 0
configure:4329: g++ -E  conftest.cpp
conftest.cpp:12:10: fatal error: 'ac_nonexistent.h' file not found
#include <ac_nonexistent.h>
         ^
1 error generated.
configure:4335: $? = 1
configure: failed program was:
| /* confdefs.h.  */
| #define PACKAGE_NAME "RECURRENT NEURAL NETWORK LIBRARY"
| #define PACKAGE_TARNAME "RNNLIB"
| #define PACKAGE_VERSION "1.0"
| #define PACKAGE_STRING "RECURRENT NEURAL NETWORK LIBRARY 1.0"
| #define PACKAGE_BUGREPORT "graves@in.tum.de"
| #define PACKAGE "RNNLIB"
| #define VERSION "1.0"
| #define HAVE_LIBSTDC__ 1
| #define HAVE_LIBM 1
| /* end confdefs.h.  */
| #include <ac_nonexistent.h>
configure:4373: checking for grep that handles long lines and -e
configure:4447: result: /usr/bin/grep
configure:4452: checking for egrep
configure:4530: result: /usr/bin/grep -E
configure:4535: checking for ANSI C header files
configure:4565: g++ -c -g -O2  conftest.cpp >&5
configure:4571: $? = 0
configure:4670: g++ -o conftest -g -O2   conftest.cpp -lm -lstdc++  >&5
configure:4673: $? = 0
configure:4679: ./conftest
configure:4682: $? = 0
configure:4699: result: yes
configure:4723: checking for sys/types.h
configure:4744: g++ -c -g -O2  conftest.cpp >&5
configure:4750: $? = 0
configure:4766: result: yes
configure:4723: checking for sys/stat.h
configure:4744: g++ -c -g -O2  conftest.cpp >&5
configure:4750: $? = 0
configure:4766: result: yes
configure:4723: checking for stdlib.h
configure:4744: g++ -c -g -O2  conftest.cpp >&5
configure:4750: $? = 0
configure:4766: result: yes
configure:4723: checking for string.h
configure:4744: g++ -c -g -O2  conftest.cpp >&5
configure:4750: $? = 0
configure:4766: result: yes
configure:4723: checking for memory.h
configure:4744: g++ -c -g -O2  conftest.cpp >&5
configure:4750: $? = 0
configure:4766: result: yes
configure:4723: checking for strings.h
configure:4744: g++ -c -g -O2  conftest.cpp >&5
configure:4750: $? = 0
configure:4766: result: yes
configure:4723: checking for inttypes.h
configure:4744: g++ -c -g -O2  conftest.cpp >&5
configure:4750: $? = 0
configure:4766: result: yes
configure:4723: checking for stdint.h
configure:4744: g++ -c -g -O2  conftest.cpp >&5
configure:4750: $? = 0
configure:4766: result: yes
configure:4723: checking for unistd.h
configure:4744: g++ -c -g -O2  conftest.cpp >&5
configure:4750: $? = 0
configure:4766: result: yes
configure:4794: checking time.h usability
configure:4811: g++ -c -g -O2  conftest.cpp >&5
configure:4817: $? = 0
configure:4831: result: yes
configure:4835: checking time.h presence
configure:4850: g++ -E  conftest.cpp
configure:4856: $? = 0
configure:4870: result: yes
configure:4903: checking for time.h
configure:4911: result: yes
configure:4794: checking malloc.h usability
configure:4811: g++ -c -g -O2  conftest.cpp >&5
conftest.cpp:56:10: fatal error: 'malloc.h' file not found
#include <malloc.h>
         ^
1 error generated.
configure:4817: $? = 1
configure: failed program was:
| /* confdefs.h.  */
| #define PACKAGE_NAME "RECURRENT NEURAL NETWORK LIBRARY"
| #define PACKAGE_TARNAME "RNNLIB"
| #define PACKAGE_VERSION "1.0"
| #define PACKAGE_STRING "RECURRENT NEURAL NETWORK LIBRARY 1.0"
| #define PACKAGE_BUGREPORT "graves@in.tum.de"
| #define PACKAGE "RNNLIB"
| #define VERSION "1.0"
| #define HAVE_LIBSTDC__ 1
| #define HAVE_LIBM 1
| #define STDC_HEADERS 1
| #define HAVE_SYS_TYPES_H 1
| #define HAVE_SYS_STAT_H 1
| #define HAVE_STDLIB_H 1
| #define HAVE_STRING_H 1
| #define HAVE_MEMORY_H 1
| #define HAVE_STRINGS_H 1
| #define HAVE_INTTYPES_H 1
| #define HAVE_STDINT_H 1
| #define HAVE_UNISTD_H 1
| #define HAVE_TIME_H 1
| /* end confdefs.h.  */
| #include <stdio.h>
| #ifdef HAVE_SYS_TYPES_H
| # include <sys/types.h>
| #endif
| #ifdef HAVE_SYS_STAT_H
| # include <sys/stat.h>
| #endif
| #ifdef STDC_HEADERS
| # include <stdlib.h>
| # include <stddef.h>
| #else
| # ifdef HAVE_STDLIB_H
| #  include <stdlib.h>
| # endif
| #endif
| #ifdef HAVE_STRING_H
| # if !defined STDC_HEADERS && defined HAVE_MEMORY_H
| #  include <memory.h>
| # endif
| # include <string.h>
| #endif
| #ifdef HAVE_STRINGS_H
| # include <strings.h>
| #endif
| #ifdef HAVE_INTTYPES_H
| # include <inttypes.h>
| #endif
| #ifdef HAVE_STDINT_H
| # include <stdint.h>
| #endif
| #ifdef HAVE_UNISTD_H
| # include <unistd.h>
| #endif
| #include <malloc.h>
configure:4831: result: no
configure:4835: checking malloc.h presence
configure:4850: g++ -E  conftest.cpp
conftest.cpp:23:10: fatal error: 'malloc.h' file not found
#include <malloc.h>
         ^
1 error generated.
configure:4856: $? = 1
configure: failed program was:
| /* confdefs.h.  */
| #define PACKAGE_NAME "RECURRENT NEURAL NETWORK LIBRARY"
| #define PACKAGE_TARNAME "RNNLIB"
| #define PACKAGE_VERSION "1.0"
| #define PACKAGE_STRING "RECURRENT NEURAL NETWORK LIBRARY 1.0"
| #define PACKAGE_BUGREPORT "graves@in.tum.de"
| #define PACKAGE "RNNLIB"
| #define VERSION "1.0"
| #define HAVE_LIBSTDC__ 1
| #define HAVE_LIBM 1
| #define STDC_HEADERS 1
| #define HAVE_SYS_TYPES_H 1
| #define HAVE_SYS_STAT_H 1
| #define HAVE_STDLIB_H 1
| #define HAVE_STRING_H 1
| #define HAVE_MEMORY_H 1
| #define HAVE_STRINGS_H 1
| #define HAVE_INTTYPES_H 1
| #define HAVE_STDINT_H 1
| #define HAVE_UNISTD_H 1
| #define HAVE_TIME_H 1
| /* end confdefs.h.  */
| #include <malloc.h>
configure:4870: result: no
configure:4903: checking for malloc.h
configure:4911: result: no
configure:5059: creating ./config.status

## ---------------------- ##
## Running config.status. ##
## ---------------------- ##

This file was extended by RECURRENT NEURAL NETWORK LIBRARY config.status 1.0, which was
generated by GNU Autoconf 2.61.  Invocation command line was

  CONFIG_FILES    = 
  CONFIG_HEADERS  = 
  CONFIG_LINKS    = 
  CONFIG_COMMANDS = 
  $ ./config.status 

on Peytons-MBP.wv.cc.cmu.edu

config.status:642: creating Makefile
config.status:642: creating src/Makefile
config.status:642: creating config.h
config.status:917: executing depfiles commands

## ---------------- ##
## Cache variables. ##
## ---------------- ##

ac_cv_c_compiler_gnu=yes
ac_cv_cxx_compiler_gnu=yes
ac_cv_env_CCC_set=
ac_cv_env_CCC_value=
ac_cv_env_CC_set=
ac_cv_env_CC_value=
ac_cv_env_CFLAGS_set=
ac_cv_env_CFLAGS_value=
ac_cv_env_CPPFLAGS_set=
ac_cv_env_CPPFLAGS_value=
ac_cv_env_CXXCPP_set=
ac_cv_env_CXXCPP_value=
ac_cv_env_CXXFLAGS_set=
ac_cv_env_CXXFLAGS_value=
ac_cv_env_CXX_set=
ac_cv_env_CXX_value=
ac_cv_env_LDFLAGS_set=
ac_cv_env_LDFLAGS_value=
ac_cv_env_LIBS_set=
ac_cv_env_LIBS_value=
ac_cv_env_build_alias_set=
ac_cv_env_build_alias_value=
ac_cv_env_host_alias_set=
ac_cv_env_host_alias_value=
ac_cv_env_target_alias_set=
ac_cv_env_target_alias_value=
ac_cv_header_inttypes_h=yes
ac_cv_header_malloc_h=no
ac_cv_header_memory_h=yes
ac_cv_header_stdc=yes
ac_cv_header_stdint_h=yes
ac_cv_header_stdlib_h=yes
ac_cv_header_string_h=yes
ac_cv_header_strings_h=yes
ac_cv_header_sys_stat_h=yes
ac_cv_header_sys_types_h=yes
ac_cv_header_time_h=yes
ac_cv_header_unistd_h=yes
ac_cv_lib_m_exp=yes
ac_cv_lib_netcdf_cpp_main=no
ac_cv_lib_netcdf_main=no
ac_cv_lib_stdcpp_main=yes
ac_cv_objext=o
ac_cv_path_EGREP='/usr/bin/grep -E'
ac_cv_path_GREP=/usr/bin/grep
ac_cv_path_install='/usr/bin/install -c'
ac_cv_prog_AWK=awk
ac_cv_prog_CXXCPP='g++ -E'
ac_cv_prog_ac_ct_CC=gcc
ac_cv_prog_ac_ct_CXX=g++
ac_cv_prog_cc_c89=
ac_cv_prog_cc_g=yes
ac_cv_prog_cxx_g=yes
ac_cv_prog_make_make_set=yes
am_cv_CC_dependencies_compiler_type=gcc3
am_cv_CXX_dependencies_compiler_type=gcc3

## ----------------- ##
## Output variables. ##
## ----------------- ##

ACLOCAL='${SHELL} /Users/peyton/Code/HarryPotterFMRI/rnnlib-src/build-aux/missing --run aclocal-1.10'
AMDEPBACKSLASH='\'
AMDEP_FALSE='#'
AMDEP_TRUE=''
AMTAR='${SHELL} /Users/peyton/Code/HarryPotterFMRI/rnnlib-src/build-aux/missing --run tar'
AUTOCONF='${SHELL} /Users/peyton/Code/HarryPotterFMRI/rnnlib-src/build-aux/missing --run autoconf'
AUTOHEADER='${SHELL} /Users/peyton/Code/HarryPotterFMRI/rnnlib-src/build-aux/missing --run autoheader'
AUTOMAKE='${SHELL} /Users/peyton/Code/HarryPotterFMRI/rnnlib-src/build-aux/missing --run automake-1.10'
AWK='awk'
CC='gcc'
CCDEPMODE='depmode=gcc3'
CFLAGS='-g -O2'
CPPFLAGS=''
CXX='g++'
CXXCPP='g++ -E'
CXXDEPMODE='depmode=gcc3'
CXXFLAGS='-g -O2'
CYGPATH_W='echo'
DEFS='-DHAVE_CONFIG_H'
DEPDIR='.deps'
ECHO_C='ECHO_N=''
ECHO_T=''
EGREP='/usr/bin/grep -E'
EXEEXT=''
GREP='/usr/bin/grep'
INSTALL_DATA='${INSTALL} -m 644'
INSTALL_PROGRAM='${INSTALL}'
INSTALL_SCRIPT='${INSTALL}'
INSTALL_STRIP_PROGRAM='$(install_sh) -c -s'
LDFLAGS=''
LIBOBJS=''
LIBS='-lm -lstdc++ '
LTLIBOBJS=''
MAKEINFO='${SHELL} /Users/peyton/Code/HarryPotterFMRI/rnnlib-src/build-aux/missing --run makeinfo'
OBJEXT='o'
PACKAGE='RNNLIB'
PACKAGE_BUGREPORT='graves@in.tum.de'
PACKAGE_NAME='RECURRENT NEURAL NETWORK LIBRARY'
PACKAGE_STRING='RECURRENT NEURAL NETWORK LIBRARY 1.0'
PACKAGE_TARNAME='RNNLIB'
PACKAGE_VERSION='1.0'
PATH_SEPARATOR=':'
SET_MAKE=''
SHELL='/bin/sh'
STRIP=''
VERSION='1.0'
ac_ct_CC='gcc'
ac_ct_CXX='g++'
am__fastdepCC_FALSE='#'
am__fastdepCC_TRUE=''
am__fastdepCXX_FALSE='#'
am__fastdepCXX_TRUE=''
am__include='include'
am__isrc=''
am__leading_dot='.'
am__quote=''
am__tar='${AMTAR} chof - "$$tardir"'
am__untar='${AMTAR} xf -'
bindir='${exec_prefix}/bin'
build_alias=''
datadir='${datarootdir}'
datarootdir='${prefix}/share'
docdir='${datarootdir}/doc/${PACKAGE_TARNAME}'
dvidir='${docdir}'
exec_prefix='${prefix}'
host_alias=''
htmldir='${docdir}'
includedir='${prefix}/include'
infodir='${datarootdir}/info'
install_sh='$(SHELL) /Users/peyton/Code/HarryPotterFMRI/rnnlib-src/build-aux/install-sh'
libdir='${exec_prefix}/lib'
libexecdir='${exec_prefix}/libexec'
localedir='${datarootdir}/locale'
localstatedir='${prefix}/var'
mandir='${datarootdir}/man'
mkdir_p='$(top_builddir)/build-aux/install-sh -c -d'
oldincludedir='/usr/include'
pdfdir='${docdir}'
prefix='/usr/local'
program_transform_name='s,x,x,'
psdir='${docdir}'
sbindir='${exec_prefix}/sbin'
sharedstatedir='${prefix}/com'
sysconfdir='${prefix}/etc'
target_alias=''

## ----------- ##
## confdefs.h. ##
## ----------- ##

#define PACKAGE_NAME "RECURRENT NEURAL NETWORK LIBRARY"
#define PACKAGE_TARNAME "RNNLIB"
#define PACKAGE_VERSION "1.0"
#define PACKAGE_STRING "RECURRENT NEURAL NETWORK LIBRARY 1.0"
#define PACKAGE_BUGREPORT "graves@in.tum.de"
#define PACKAGE "RNNLIB"
#define VERSION "1.0"
#define HAVE_LIBSTDC__ 1
#define HAVE_LIBM 1
#define STDC_HEADERS 1
#define HAVE_SYS_TYPES_H 1
#define HAVE_SYS_STAT_H 1
#define HAVE_STDLIB_H 1
#define HAVE_STRING_H 1
#define HAVE_MEMORY_H 1
#define HAVE_STRINGS_H 1
#define HAVE_INTTYPES_H 1
#define HAVE_STDINT_H 1
#define HAVE_UNISTD_H 1
#define HAVE_TIME_H 1

configure: exit 0
